<?xml version="1.0" encoding="UTF-8"?>
<!-- Generated by org.testng.reporters.JUnitReportReporter -->
<testsuite hostname="DESKTOP-3824BQ8" failures="0" tests="1" name="testRun.LoginRun" time="16.697" errors="0" timestamp="2023-07-06T11:10:01 IST" skipped="0">
  <testcase classname="testRun.LoginRun" name="runScenario" time="16.697"/>
  <system-out/>
</testsuite> <!-- testRun.LoginRun -->
